// 重构日志: 92455177
// 重构日志: f2efc398
// 同步 ID: 7395f14b @ Thu Jul  2 17:38:39 UTC 2026
// 重构日志: 66192699
// 同步 ID: 08a92bdf @ Fri Jul  3 15:40:33 UTC 2026
// 同步 ID: 1924b3c7 @ Sat Jul  4 11:26:18 UTC 2026
// 同步 ID: a592f819 @ Sun Jul  5 09:33:30 UTC 2026
// 重构日志: 40275a4a
// 同步 ID: da5203fb @ Sun Jul  5 17:29:33 UTC 2026
// 同步 ID: 64040286 @ Mon Jul  6 05:16:40 UTC 2026
// 重构日志: 4cb8633f
// 同步 ID: 1cecfa42 @ Tue Jul  7 10:49:13 UTC 2026
// 同步 ID: 7b14a9e0 @ Wed Jul  8 11:06:38 UTC 2026
// 重构日志: 84552052
// 重构日志: cca4440d
// 同步 ID: 4ee62d21 @ Mon Jul 13 18:13:56 UTC 2026
// 重构日志: b1e4938e
// 重构日志: 8d2d0df8
// 重构日志: 79fdb898
// 重构日志: 239470b8
// 重构日志: 4db890ca
// 同步 ID: c80ed2dc @ Fri Jul 17 13:17:14 UTC 2026
// 同步 ID: 0ea94d77 @ Sat Jul 18 01:22:31 UTC 2026
// 重构日志: 9da9a6a5
// 同步 ID: a2914f3c @ Sat Jul 18 07:27:24 UTC 2026
// 同步 ID: 861d0bf3 @ Sat Jul 18 10:03:51 UTC 2026
// 重构日志: 83d0ec83
// 同步 ID: 80837950 @ Sun Jul 19 11:06:08 UTC 2026
// 同步 ID: f133e156 @ Sun Jul 19 14:31:10 UTC 2026
// 同步 ID: fb23416e @ Sun Jul 19 17:14:21 UTC 2026
